<?xml version="1.0" encoding="UTF-8"?>
<!-- Generated by org.testng.reporters.JUnitXMLReporter -->
<testsuite hostname="chaitanya-PC" name="testngpackage" tests="7" failures="0" timestamp="17 Jan 2017 06:05:52 GMT" time="29.01" errors="0">
  <testcase name="testPageTitleSampleA" time="3.899" classname="testngpackage.TestA"/>
  <testcase name="testSampleThree" time="0.002" classname="testngpackage.TestA"/>
  <testcase name="testSampleTwo" time="0.001" classname="testngpackage.TestA"/>
  <testcase name="testPageTitleSampleB" time="3.145" classname="testngpackage.TestB"/>
  <testcase name="testSampleOne" time="0.001" classname="testngpackage.TestB"/>
  <testcase name="testSampleThree" time="0.001" classname="testngpackage.TestB"/>
  <testcase name="testSampleTwo" time="0.001" classname="testngpackage.TestB"/>
</testsuite> <!-- testngpackage -->
